<?xml version="1.0" encoding="UTF-8"?>
<testng-results ignored="0" total="7" passed="7" failed="0" skipped="0">
  <reporter-output>
  </reporter-output>
  <suite started-at="2024-04-17T16:47:50 IDT" name="Default suite" finished-at="2024-04-17T16:47:50 IDT" duration-ms="74">
    <groups>
    </groups>
    <test started-at="2024-04-17T16:47:50 IDT" name="Default test" finished-at="2024-04-17T16:47:50 IDT" duration-ms="74">
      <class name="task_1.test">
        <test-method signature="addTest(int,int,int)[pri:0, instance:task_1.test@7ed7259e]" started-at="2024-04-17T16:47:50 IDT" name="addTest" data-provider="getData" finished-at="2024-04-17T16:47:50 IDT" duration-ms="14" status="PASS">
          <params>
            <param index="0">
              <value>
                <![CDATA[10]]>
              </value>
            </param>
            <param index="1">
              <value>
                <![CDATA[20]]>
              </value>
            </param>
            <param index="2">
              <value>
                <![CDATA[30]]>
              </value>
            </param>
          </params>
          <reporter-output>
          </reporter-output>
        </test-method> <!-- addTest -->
        <test-method signature="divideTest(int,int,int)[pri:0, instance:task_1.test@7ed7259e]" started-at="2024-04-17T16:47:50 IDT" name="divideTest" data-provider="getData" finished-at="2024-04-17T16:47:50 IDT" duration-ms="1" status="PASS">
          <params>
            <param index="0">
              <value>
                <![CDATA[10]]>
              </value>
            </param>
            <param index="1">
              <value>
                <![CDATA[10]]>
              </value>
            </param>
            <param index="2">
              <value>
                <![CDATA[1]]>
              </value>
            </param>
          </params>
          <reporter-output>
          </reporter-output>
        </test-method> <!-- divideTest -->
        <test-method signature="multiplicationTest(int,int,int)[pri:0, instance:task_1.test@7ed7259e]" started-at="2024-04-17T16:47:50 IDT" name="multiplicationTest" data-provider="getData" finished-at="2024-04-17T16:47:50 IDT" duration-ms="2" status="PASS">
          <params>
            <param index="0">
              <value>
                <![CDATA[10]]>
              </value>
            </param>
            <param index="1">
              <value>
                <![CDATA[10]]>
              </value>
            </param>
            <param index="2">
              <value>
                <![CDATA[100]]>
              </value>
            </param>
          </params>
          <reporter-output>
          </reporter-output>
        </test-method> <!-- multiplicationTest -->
        <test-method signature="powerTest(int,int,int)[pri:0, instance:task_1.test@7ed7259e]" started-at="2024-04-17T16:47:50 IDT" name="powerTest" data-provider="getData" finished-at="2024-04-17T16:47:50 IDT" duration-ms="1" status="PASS">
          <params>
            <param index="0">
              <value>
                <![CDATA[2]]>
              </value>
            </param>
            <param index="1">
              <value>
                <![CDATA[4]]>
              </value>
            </param>
            <param index="2">
              <value>
                <![CDATA[16]]>
              </value>
            </param>
          </params>
          <reporter-output>
          </reporter-output>
        </test-method> <!-- powerTest -->
        <test-method signature="primeTest(int,boolean)[pri:0, instance:task_1.test@7ed7259e]" started-at="2024-04-17T16:47:50 IDT" name="primeTest" data-provider="getData" finished-at="2024-04-17T16:47:50 IDT" duration-ms="4" status="PASS">
          <params>
            <param index="0">
              <value>
                <![CDATA[8]]>
              </value>
            </param>
            <param index="1">
              <value>
                <![CDATA[false]]>
              </value>
            </param>
          </params>
          <reporter-output>
          </reporter-output>
        </test-method> <!-- primeTest -->
        <test-method signature="squareRootTest(int,int)[pri:0, instance:task_1.test@7ed7259e]" started-at="2024-04-17T16:47:50 IDT" name="squareRootTest" data-provider="getData" finished-at="2024-04-17T16:47:50 IDT" duration-ms="2" status="PASS">
          <params>
            <param index="0">
              <value>
                <![CDATA[25]]>
              </value>
            </param>
            <param index="1">
              <value>
                <![CDATA[5]]>
              </value>
            </param>
          </params>
          <reporter-output>
          </reporter-output>
        </test-method> <!-- squareRootTest -->
        <test-method signature="subtractTest(int,int,int)[pri:0, instance:task_1.test@7ed7259e]" started-at="2024-04-17T16:47:50 IDT" name="subtractTest" data-provider="getData" finished-at="2024-04-17T16:47:50 IDT" duration-ms="1" status="PASS">
          <params>
            <param index="0">
              <value>
                <![CDATA[20]]>
              </value>
            </param>
            <param index="1">
              <value>
                <![CDATA[10]]>
              </value>
            </param>
            <param index="2">
              <value>
                <![CDATA[10]]>
              </value>
            </param>
          </params>
          <reporter-output>
          </reporter-output>
        </test-method> <!-- subtractTest -->
      </class> <!-- task_1.test -->
    </test> <!-- Default test -->
  </suite> <!-- Default suite -->
</testng-results>
